

*******************************************************************************
Fri Nov  6 22:00:39 2015


FIT:    data read from '/home/zerch/Documents/latex/3Densita/Grafici/densita.dat' using 1:2
        format = x:z
        x range restricted to [1.00000 : 50.0000]
        #datapoints = 5
        residuals are weighted equally (unit weight)

function used for fitting: f(x)
fitted parameters initialized with current variable values



 Iteration 0
 WSSR        : 454.776           delta(WSSR)/WSSR   : 0
 delta(WSSR) : 0                 limit for stopping : 1e-05
 lambda	  : 10.9688

initial set of free parameter values

m               = 1
b               = 1

After 5 iterations the fit converged.
final sum of squares of residuals : 0.397196
rel. change during last iteration : -9.2655e-12

degrees of freedom    (FIT_NDF)                        : 3
rms of residuals      (FIT_STDFIT) = sqrt(WSSR/ndf)    : 0.363866
variance of residuals (reduced chisquare) = WSSR/ndf   : 0.132399

Final set of parameters            Asymptotic Standard Error
=======================            ==========================

m               = 0.199377         +/- 0.02151      (10.79%)
b               = 4.45118          +/- 0.333        (7.482%)


correlation matrix of the fit parameters:

               m      b      
m               1.000 
b              -0.872  1.000 


*******************************************************************************
Tue Nov 17 19:52:47 2015


FIT:    data read from '/home/zerch/Desktop/piano.dat'
        format = z
        x range restricted to [2.00000 : 10.0000]
        #datapoints = 5
        residuals are weighted equally (unit weight)

function used for fitting: f(x)
fitted parameters initialized with current variable values

BREAK:          no parameter specified



*******************************************************************************
Tue Nov 17 19:52:58 2015


FIT:    data read from '/home/zerch/Desktop/piano.dat'
        format = z
        x range restricted to [2.00000 : 10.0000]
        #datapoints = 5
        residuals are weighted equally (unit weight)

function used for fitting: f(x)
fitted parameters initialized with current variable values

BREAK:          no parameter specified



*******************************************************************************
Tue Nov 17 19:53:19 2015


FIT:    data read from '/home/zerch/Desktop/piano.dat'
        format = z
        x range restricted to [2.00000 : 10.0000]
        #datapoints = 5
        residuals are weighted equally (unit weight)

function used for fitting: f(x)
fitted parameters initialized with current variable values

BREAK:          no parameter specified



*******************************************************************************
Tue Nov 17 19:54:31 2015


FIT:    data read from '/home/zerch/Desktop/piano.dat' using 1:2
        format = x:z
        x range restricted to [2.00000 : 10.0000]
        #datapoints = 5
        residuals are weighted equally (unit weight)

function used for fitting: f(x)
fitted parameters initialized with current variable values



 Iteration 0
 WSSR        : 3.78215           delta(WSSR)/WSSR   : 0
 delta(WSSR) : 0                 limit for stopping : 1e-05
 lambda	  : 3.15351

initial set of free parameter values

m               = 1
b               = 1

After 5 iterations the fit converged.
final sum of squares of residuals : 0.00271463
rel. change during last iteration : -1.28924e-13

degrees of freedom    (FIT_NDF)                        : 3
rms of residuals      (FIT_STDFIT) = sqrt(WSSR/ndf)    : 0.0300812
variance of residuals (reduced chisquare) = WSSR/ndf   : 0.000904876

Final set of parameters            Asymptotic Standard Error
=======================            ==========================

m               = 1.38524          +/- 0.01318      (0.9514%)
b               = 0.14791          +/- 0.05728      (38.72%)


correlation matrix of the fit parameters:

               m      b      
m               1.000 
b              -0.972  1.000 
