

*******************************************************************************
Fri May 13 00:38:30 2016


FIT:    data read from "dati termica isolata.txt" using 1:2:3
        format = x:z:s
        #datapoints = 20
function used for fitting: f(x)
	f(x)=A*x+B
fitted parameters initialized with current variable values

iter      chisq       delta/lim  lambda   A             B            
   0 3.6031894278e+07   0.00e+00  2.42e+01    1.000000e+00   1.000000e+00
   4 3.3023157059e+03  -4.25e-04  2.42e-03   -8.416935e+01   5.691329e+01

After 4 iterations the fit converged.
final sum of squares of residuals : 3302.32
rel. change during last iteration : -4.24548e-09

degrees of freedom    (FIT_NDF)                        : 18
rms of residuals      (FIT_STDFIT) = sqrt(WSSR/ndf)    : 13.5448
variance of residuals (reduced chisquare) = WSSR/ndf   : 183.462
p-value of the Chisq distribution (FIT_P)              : 0

Final set of parameters            Asymptotic Standard Error
=======================            ==========================
A               = -84.1694         +/- 0.7504       (0.8915%)
B               = 56.9133          +/- 0.1751       (0.3077%)

correlation matrix of the fit parameters:
                A      B      
A               1.000 
B              -0.855  1.000 


*******************************************************************************
Fri May 13 00:39:43 2016


FIT:    data read from "dati termica isolata.txt" using 1:2:3
        format = x:z:s
        #datapoints = 20
function used for fitting: f(x)
	f(x)=A*x+B
fitted parameters initialized with current variable values

iter      chisq       delta/lim  lambda   A             B            
   0 3.3023157059e+01   0.00e+00  1.42e+02   -8.416935e+01   5.691329e+01
   1 3.3023157059e+01  -1.29e-10  1.42e+01   -8.416935e+01   5.691329e+01

After 1 iterations the fit converged.
final sum of squares of residuals : 33.0232
rel. change during last iteration : -1.29099e-15

degrees of freedom    (FIT_NDF)                        : 18
rms of residuals      (FIT_STDFIT) = sqrt(WSSR/ndf)    : 1.35448
variance of residuals (reduced chisquare) = WSSR/ndf   : 1.83462
p-value of the Chisq distribution (FIT_P)              : 0.016583

Final set of parameters            Asymptotic Standard Error
=======================            ==========================
A               = -84.1694         +/- 0.7504       (0.8915%)
B               = 56.9133          +/- 0.1751       (0.3077%)

correlation matrix of the fit parameters:
                A      B      
A               1.000 
B              -0.855  1.000 


*******************************************************************************
Fri May 13 00:41:29 2016


FIT:    data read from "dati termica isolata.txt" using 1:2:3
        format = x:z:s
        #datapoints = 20
function used for fitting: f(x)
	f(x)=A*x+B
fitted parameters initialized with current variable values

iter      chisq       delta/lim  lambda   A             B            
   0 4.7553346165e+01   0.00e+00  1.70e+02   -8.416935e+01   5.691329e+01
   1 4.7553346165e+01  -2.54e-10  1.70e+01   -8.416935e+01   5.691329e+01

After 1 iterations the fit converged.
final sum of squares of residuals : 47.5533
rel. change during last iteration : -2.54014e-15

degrees of freedom    (FIT_NDF)                        : 18
rms of residuals      (FIT_STDFIT) = sqrt(WSSR/ndf)    : 1.62538
variance of residuals (reduced chisquare) = WSSR/ndf   : 2.64185
p-value of the Chisq distribution (FIT_P)              : 0.000175378

Final set of parameters            Asymptotic Standard Error
=======================            ==========================
A               = -84.1694         +/- 0.7504       (0.8915%)
B               = 56.9133          +/- 0.1751       (0.3077%)

correlation matrix of the fit parameters:
                A      B      
A               1.000 
B              -0.855  1.000 


*******************************************************************************
Fri May 13 00:42:51 2016


FIT:    data read from "dati termica isolata.txt" using 1:2:3
        format = x:z:s
        #datapoints = 20
function used for fitting: f(x)
	f(x)=A*x+B
fitted parameters initialized with current variable values

iter      chisq       delta/lim  lambda   A             B            
   0 2.4261911309e+01   0.00e+00  1.22e+02   -8.416935e+01   5.691329e+01
   1 2.4261911309e+01  -1.46e-10  1.22e+01   -8.416935e+01   5.691329e+01

After 1 iterations the fit converged.
final sum of squares of residuals : 24.2619
rel. change during last iteration : -1.46432e-15

degrees of freedom    (FIT_NDF)                        : 18
rms of residuals      (FIT_STDFIT) = sqrt(WSSR/ndf)    : 1.16098
variance of residuals (reduced chisquare) = WSSR/ndf   : 1.34788
p-value of the Chisq distribution (FIT_P)              : 0.146633

Final set of parameters            Asymptotic Standard Error
=======================            ==========================
A               = -84.1694         +/- 0.7504       (0.8915%)
B               = 56.9133          +/- 0.1751       (0.3077%)

correlation matrix of the fit parameters:
                A      B      
A               1.000 
B              -0.855  1.000 


*******************************************************************************
Fri May 13 00:50:32 2016


FIT:    data read from "dati termica.txt" using 1:2:3
        format = x:z:s
        #datapoints = 20
function used for fitting: f(x)
	f(x)=A*x+B
fitted parameters initialized with current variable values

iter      chisq       delta/lim  lambda   A             B            
   0 2.3822244749e+04   0.00e+00  1.22e+02   -8.416935e+01   5.691329e+01
   4 1.5661008439e+01  -8.14e-06  1.22e-02   -3.555818e+01   3.667186e+01

After 4 iterations the fit converged.
final sum of squares of residuals : 15.661
rel. change during last iteration : -8.13851e-11

degrees of freedom    (FIT_NDF)                        : 18
rms of residuals      (FIT_STDFIT) = sqrt(WSSR/ndf)    : 0.932768
variance of residuals (reduced chisquare) = WSSR/ndf   : 0.870056
p-value of the Chisq distribution (FIT_P)              : 0.616192

Final set of parameters            Asymptotic Standard Error
=======================            ==========================
A               = -35.5582         +/- 0.6029       (1.695%)
B               = 36.6719          +/- 0.1407       (0.3836%)

correlation matrix of the fit parameters:
                A      B      
A               1.000 
B              -0.855  1.000 


*******************************************************************************
Fri May 13 02:16:39 2016


FIT:    data read from "dati termica isolata.txt" using 1:2:3
        format = x:z:s
        #datapoints = 20
function used for fitting: f(x)
	f(x)=A*x+B
fitted parameters initialized with current variable values

iter      chisq       delta/lim  lambda   A             B            
   0 2.3838066092e+04   0.00e+00  7.60e+01   -3.556000e+01   3.667000e+01
   4 2.4261911309e+01  -1.64e-04  7.60e-03   -8.416935e+01   5.691329e+01

After 4 iterations the fit converged.
final sum of squares of residuals : 24.2619
rel. change during last iteration : -1.63604e-09

degrees of freedom    (FIT_NDF)                        : 18
rms of residuals      (FIT_STDFIT) = sqrt(WSSR/ndf)    : 1.16098
variance of residuals (reduced chisquare) = WSSR/ndf   : 1.34788
p-value of the Chisq distribution (FIT_P)              : 0.146633

Final set of parameters            Asymptotic Standard Error
=======================            ==========================
A               = -84.1694         +/- 0.7504       (0.8915%)
B               = 56.9133          +/- 0.1751       (0.3077%)

correlation matrix of the fit parameters:
                A      B      
A               1.000 
B              -0.855  1.000 
